<?xml version="1.0" encoding="UTF-8"?>
<coverage generated="1785908540806" clover="3.2.0">
  <project timestamp="1785908540807" name="All files">
    <metrics statements="89" coveredstatements="89" conditionals="42" coveredconditionals="39" methods="31" coveredmethods="31" elements="162" coveredelements="159" complexity="0" loc="89" ncloc="89" packages="2" files="5" classes="5"/>
    <package name="convex.lib">
      <metrics statements="16" coveredstatements="16" conditionals="12" coveredconditionals="12" methods="6" coveredmethods="6"/>
      <file name="orderHistory.ts" path="/Users/codemedavid/Documents/don-macchiatos/beracah-cafe/convex/lib/orderHistory.ts">
        <metrics statements="16" coveredstatements="16" conditionals="12" coveredconditionals="12" methods="6" coveredmethods="6"/>
        <line num="6" count="1" type="stmt"/>
        <line num="20" count="1" type="stmt"/>
        <line num="21" count="29" type="stmt"/>
        <line num="31" count="1" type="stmt"/>
        <line num="32" count="32" type="cond" truecount="2" falsecount="0"/>
        <line num="35" count="1" type="stmt"/>
        <line num="39" count="9" type="stmt"/>
        <line num="41" count="9" type="stmt"/>
        <line num="43" count="18" type="cond" truecount="1" falsecount="0"/>
        <line num="44" count="14" type="stmt"/>
        <line num="45" count="14" type="cond" truecount="3" falsecount="0"/>
        <line num="46" count="13" type="cond" truecount="3" falsecount="0"/>
        <line num="47" count="12" type="stmt"/>
        <line num="50" count="8" type="stmt"/>
        <line num="63" count="1" type="stmt"/>
        <line num="67" count="5" type="cond" truecount="2" falsecount="0"/>
      </file>
    </package>
    <package name="mobile.lib">
      <metrics statements="73" coveredstatements="73" conditionals="30" coveredconditionals="27" methods="25" coveredmethods="25"/>
      <file name="format.ts" path="/Users/codemedavid/Documents/don-macchiatos/beracah-cafe/mobile/lib/format.ts">
        <metrics statements="20" coveredstatements="20" conditionals="10" coveredconditionals="8" methods="3" coveredmethods="3"/>
        <line num="6" count="1" type="stmt"/>
        <line num="7" count="1" type="stmt"/>
        <line num="8" count="1" type="stmt"/>
        <line num="10" count="1" type="cond" truecount="0" falsecount="1"/>
        <line num="11" count="5" type="stmt"/>
        <line num="12" count="5" type="cond" truecount="1" falsecount="0"/>
        <line num="13" count="3" type="cond" truecount="1" falsecount="0"/>
        <line num="14" count="2" type="cond" truecount="1" falsecount="0"/>
        <line num="15" count="1" type="stmt"/>
        <line num="18" count="1" type="stmt"/>
        <line num="19" count="3" type="stmt"/>
        <line num="29" count="1" type="stmt"/>
        <line num="33" count="4" type="stmt"/>
        <line num="34" count="4" type="stmt"/>
        <line num="36" count="4" type="cond" truecount="5" falsecount="0"/>
        <line num="38" count="1" type="stmt"/>
        <line num="43" count="1" type="stmt"/>
        <line num="46" count="1" type="stmt"/>
        <line num="48" count="1" type="stmt"/>
        <line num="51" count="1" type="stmt"/>
      </file>
      <file name="orderFilters.ts" path="/Users/codemedavid/Documents/don-macchiatos/beracah-cafe/mobile/lib/orderFilters.ts">
        <metrics statements="32" coveredstatements="32" conditionals="17" coveredconditionals="16" methods="17" coveredmethods="17"/>
        <line num="22" count="1" type="stmt"/>
        <line num="24" count="1" type="stmt"/>
        <line num="34" count="1" type="stmt"/>
        <line num="35" count="3" type="stmt"/>
        <line num="40" count="1" type="stmt"/>
        <line num="57" count="1" type="stmt"/>
        <line num="61" count="15" type="stmt"/>
        <line num="62" count="45" type="cond" truecount="2" falsecount="0"/>
        <line num="63" count="37" type="stmt"/>
        <line num="66" count="76" type="stmt"/>
        <line num="69" count="15" type="cond" truecount="1" falsecount="0"/>
        <line num="70" count="21" type="stmt"/>
        <line num="71" count="11" type="cond" truecount="1" falsecount="0"/>
        <line num="72" count="1" type="stmt"/>
        <line num="80" count="38" type="stmt"/>
        <line num="88" count="1" type="stmt"/>
        <line num="91" count="4" type="stmt"/>
        <line num="93" count="24" type="cond" truecount="1" falsecount="1"/>
        <line num="94" count="18" type="stmt"/>
        <line num="97" count="4" type="stmt"/>
        <line num="107" count="1" type="stmt"/>
        <line num="119" count="18" type="stmt"/>
        <line num="126" count="1" type="stmt"/>
        <line num="130" count="11" type="stmt"/>
        <line num="132" count="11" type="stmt"/>
        <line num="133" count="33" type="cond" truecount="3" falsecount="0"/>
        <line num="134" count="27" type="cond" truecount="3" falsecount="0"/>
        <line num="135" count="14" type="stmt"/>
        <line num="139" count="1" type="stmt"/>
        <line num="142" count="2" type="stmt"/>
        <line num="144" count="3" type="stmt"/>
        <line num="145" count="3" type="stmt"/>
      </file>
      <file name="sales.ts" path="/Users/codemedavid/Documents/don-macchiatos/beracah-cafe/mobile/lib/sales.ts">
        <metrics statements="15" coveredstatements="15" conditionals="3" coveredconditionals="3" methods="5" coveredmethods="5"/>
        <line num="33" count="18" type="cond" truecount="1" falsecount="0"/>
        <line num="34" count="10" type="stmt"/>
        <line num="36" count="18" type="stmt"/>
        <line num="37" count="18" type="stmt"/>
        <line num="40" count="1" type="stmt"/>
        <line num="41" count="12" type="stmt"/>
        <line num="42" count="9" type="stmt"/>
        <line num="43" count="5" type="stmt"/>
        <line num="45" count="5" type="stmt"/>
        <line num="46" count="5" type="stmt"/>
        <line num="47" count="5" type="stmt"/>
        <line num="48" count="9" type="stmt"/>
        <line num="49" count="9" type="stmt"/>
        <line num="52" count="5" type="stmt"/>
        <line num="56" count="12" type="stmt"/>
      </file>
      <file name="theme.ts" path="/Users/codemedavid/Documents/don-macchiatos/beracah-cafe/mobile/lib/theme.ts">
        <metrics statements="6" coveredstatements="6" conditionals="0" coveredconditionals="0" methods="0" coveredmethods="0"/>
        <line num="8" count="1" type="stmt"/>
        <line num="37" count="1" type="stmt"/>
        <line num="46" count="1" type="stmt"/>
        <line num="54" count="1" type="stmt"/>
        <line num="61" count="1" type="stmt"/>
        <line num="69" count="1" type="stmt"/>
      </file>
    </package>
  </project>
</coverage>
