{"/Users/codemedavid/Documents/don-macchiatos/beracah-cafe/convex/lib/orderHistory.ts": {"path":"/Users/codemedavid/Documents/don-macchiatos/beracah-cafe/convex/lib/orderHistory.ts","statementMap":{"0":{"start":{"line":20,"column":0},"end":{"line":20,"column":16}},"1":{"start":{"line":31,"column":0},"end":{"line":31,"column":16}},"2":{"start":{"line":35,"column":0},"end":{"line":35,"column":16}},"3":{"start":{"line":63,"column":0},"end":{"line":63,"column":16}},"4":{"start":{"line":6,"column":13},"end":{"line":6,"column":67}},"5":{"start":{"line":21,"column":2},"end":{"line":21,"column":65}},"6":{"start":{"line":32,"column":2},"end":{"line":32,"column":46}},"7":{"start":{"line":39,"column":33},"end":{"line":39,"column":39}},"8":{"start":{"line":41,"column":2},"end":{"line":50,"column":63}},"9":{"start":{"line":43,"column":6},"end":{"line":43,"column":54}},"10":{"start":{"line":43,"column":41},"end":{"line":43,"column":54}},"11":{"start":{"line":44,"column":17},"end":{"line":44,"column":40}},"12":{"start":{"line":45,"column":6},"end":{"line":45,"column":66}},"13":{"start":{"line":45,"column":53},"end":{"line":45,"column":66}},"14":{"start":{"line":46,"column":6},"end":{"line":46,"column":62}},"15":{"start":{"line":46,"column":49},"end":{"line":46,"column":62}},"16":{"start":{"line":47,"column":6},"end":{"line":47,"column":18}},"17":{"start":{"line":50,"column":20},"end":{"line":50,"column":61}},"18":{"start":{"line":67,"column":2},"end":{"line":69,"column":33}}},"fnMap":{"0":{"name":"isClosedStatus","decl":{"start":{"line":20,"column":16},"end":{"line":20,"column":30}},"loc":{"start":{"line":20,"column":45},"end":{"line":22,"column":1}}},"1":{"name":"historyTimestamp","decl":{"start":{"line":31,"column":16},"end":{"line":31,"column":32}},"loc":{"start":{"line":31,"column":52},"end":{"line":33,"column":1}}},"2":{"name":"selectHistoryOrders","decl":{"start":{"line":35,"column":16},"end":{"line":35,"column":35}},"loc":{"start":{"line":37,"column":28},"end":{"line":51,"column":1}}},"3":{"name":"(anonymous_3)","decl":{"start":{"line":42,"column":12},"end":{"line":42,"column":13}},"loc":{"start":{"line":42,"column":22},"end":{"line":48,"column":5}}},"4":{"name":"(anonymous_4)","decl":{"start":{"line":50,"column":10},"end":{"line":50,"column":11}},"loc":{"start":{"line":50,"column":20},"end":{"line":50,"column":61}}},"5":{"name":"statusPatch","decl":{"start":{"line":63,"column":16},"end":{"line":63,"column":27}},"loc":{"start":{"line":65,"column":13},"end":{"line":70,"column":1}}}},"branchMap":{"0":{"loc":{"start":{"line":32,"column":9},"end":{"line":32,"column":45}},"type":"binary-expr","locations":[{"start":{"line":32,"column":9},"end":{"line":32,"column":26}},{"start":{"line":32,"column":30},"end":{"line":32,"column":45}}]},"1":{"loc":{"start":{"line":37,"column":2},"end":{"line":37,"column":28}},"type":"default-arg","locations":[{"start":{"line":37,"column":26},"end":{"line":37,"column":28}}]},"2":{"loc":{"start":{"line":43,"column":6},"end":{"line":43,"column":54}},"type":"if","locations":[{"start":{"line":43,"column":6},"end":{"line":43,"column":54}}]},"3":{"loc":{"start":{"line":45,"column":6},"end":{"line":45,"column":66}},"type":"if","locations":[{"start":{"line":45,"column":6},"end":{"line":45,"column":66}}]},"4":{"loc":{"start":{"line":45,"column":10},"end":{"line":45,"column":51}},"type":"binary-expr","locations":[{"start":{"line":45,"column":10},"end":{"line":45,"column":33}},{"start":{"line":45,"column":37},"end":{"line":45,"column":51}}]},"5":{"loc":{"start":{"line":46,"column":6},"end":{"line":46,"column":62}},"type":"if","locations":[{"start":{"line":46,"column":6},"end":{"line":46,"column":62}}]},"6":{"loc":{"start":{"line":46,"column":10},"end":{"line":46,"column":47}},"type":"binary-expr","locations":[{"start":{"line":46,"column":10},"end":{"line":46,"column":31}},{"start":{"line":46,"column":35},"end":{"line":46,"column":47}}]},"7":{"loc":{"start":{"line":67,"column":9},"end":{"line":69,"column":32}},"type":"cond-expr","locations":[{"start":{"line":68,"column":6},"end":{"line":68,"column":50}},{"start":{"line":69,"column":6},"end":{"line":69,"column":32}}]}},"s":{"0":1,"1":1,"2":1,"3":1,"4":1,"5":29,"6":32,"7":9,"8":9,"9":18,"10":4,"11":14,"12":14,"13":1,"14":13,"15":1,"16":12,"17":8,"18":5},"f":{"0":29,"1":32,"2":9,"3":18,"4":8,"5":5},"b":{"0":[32,5],"1":[5],"2":[4],"3":[1],"4":[14,5],"5":[1],"6":[13,4],"7":[2,3]}}
,"/Users/codemedavid/Documents/don-macchiatos/beracah-cafe/mobile/lib/format.ts": {"path":"/Users/codemedavid/Documents/don-macchiatos/beracah-cafe/mobile/lib/format.ts","statementMap":{"0":{"start":{"line":10,"column":0},"end":{"line":10,"column":16}},"1":{"start":{"line":18,"column":0},"end":{"line":18,"column":16}},"2":{"start":{"line":29,"column":0},"end":{"line":29,"column":16}},"3":{"start":{"line":6,"column":15},"end":{"line":6,"column":24}},"4":{"start":{"line":7,"column":13},"end":{"line":7,"column":24}},"5":{"start":{"line":8,"column":12},"end":{"line":8,"column":21}},"6":{"start":{"line":11,"column":15},"end":{"line":11,"column":30}},"7":{"start":{"line":12,"column":2},"end":{"line":12,"column":39}},"8":{"start":{"line":12,"column":21},"end":{"line":12,"column":39}},"9":{"start":{"line":13,"column":2},"end":{"line":13,"column":62}},"10":{"start":{"line":13,"column":19},"end":{"line":13,"column":62}},"11":{"start":{"line":14,"column":2},"end":{"line":14,"column":59}},"12":{"start":{"line":14,"column":18},"end":{"line":14,"column":59}},"13":{"start":{"line":15,"column":2},"end":{"line":15,"column":42}},"14":{"start":{"line":19,"column":2},"end":{"line":19,"column":36}},"15":{"start":{"line":33,"column":18},"end":{"line":33,"column":31}},"16":{"start":{"line":34,"column":14},"end":{"line":34,"column":17}},"17":{"start":{"line":36,"column":2},"end":{"line":52,"column":3}},"18":{"start":{"line":38,"column":20},"end":{"line":42,"column":17}},"19":{"start":{"line":43,"column":6},"end":{"line":43,"column":28}},"20":{"start":{"line":46,"column":6},"end":{"line":46,"column":43}},"21":{"start":{"line":48,"column":6},"end":{"line":48,"column":44}},"22":{"start":{"line":51,"column":6},"end":{"line":51,"column":31}}},"fnMap":{"0":{"name":"formatTimeAgo","decl":{"start":{"line":10,"column":16},"end":{"line":10,"column":29}},"loc":{"start":{"line":10,"column":73},"end":{"line":16,"column":1}}},"1":{"name":"formatCurrency","decl":{"start":{"line":18,"column":16},"end":{"line":18,"column":30}},"loc":{"start":{"line":18,"column":45},"end":{"line":20,"column":1}}},"2":{"name":"getDateRange","decl":{"start":{"line":29,"column":16},"end":{"line":29,"column":28}},"loc":{"start":{"line":31,"column":26},"end":{"line":53,"column":1}}}},"branchMap":{"0":{"loc":{"start":{"line":10,"column":49},"end":{"line":10,"column":73}},"type":"default-arg","locations":[{"start":{"line":10,"column":63},"end":{"line":10,"column":73}}]},"1":{"loc":{"start":{"line":12,"column":2},"end":{"line":12,"column":39}},"type":"if","locations":[{"start":{"line":12,"column":2},"end":{"line":12,"column":39}}]},"2":{"loc":{"start":{"line":13,"column":2},"end":{"line":13,"column":62}},"type":"if","locations":[{"start":{"line":13,"column":2},"end":{"line":13,"column":62}}]},"3":{"loc":{"start":{"line":14,"column":2},"end":{"line":14,"column":59}},"type":"if","locations":[{"start":{"line":14,"column":2},"end":{"line":14,"column":59}}]},"4":{"loc":{"start":{"line":31,"column":2},"end":{"line":31,"column":26}},"type":"default-arg","locations":[{"start":{"line":31,"column":16},"end":{"line":31,"column":26}}]},"5":{"loc":{"start":{"line":36,"column":2},"end":{"line":52,"column":3}},"type":"switch","locations":[{"start":{"line":37,"column":4},"end":{"line":44,"column":5}},{"start":{"line":45,"column":4},"end":{"line":46,"column":43}},{"start":{"line":47,"column":4},"end":{"line":48,"column":44}},{"start":{"line":49,"column":4},"end":{"line":49,"column":15}},{"start":{"line":50,"column":4},"end":{"line":51,"column":31}}]}},"s":{"0":1,"1":1,"2":1,"3":1,"4":1,"5":1,"6":5,"7":5,"8":2,"9":3,"10":1,"11":2,"12":1,"13":1,"14":3,"15":4,"16":4,"17":4,"18":1,"19":1,"20":1,"21":1,"22":1},"f":{"0":5,"1":3,"2":4},"b":{"0":[0],"1":[2],"2":[1],"3":[1],"4":[0],"5":[1,1,1,1,1]}}
,"/Users/codemedavid/Documents/don-macchiatos/beracah-cafe/mobile/lib/orderFilters.ts": {"path":"/Users/codemedavid/Documents/don-macchiatos/beracah-cafe/mobile/lib/orderFilters.ts","statementMap":{"0":{"start":{"line":57,"column":0},"end":{"line":57,"column":16}},"1":{"start":{"line":88,"column":0},"end":{"line":88,"column":16}},"2":{"start":{"line":126,"column":0},"end":{"line":126,"column":16}},"3":{"start":{"line":139,"column":0},"end":{"line":139,"column":16}},"4":{"start":{"line":22,"column":13},"end":{"line":22,"column":41}},"5":{"start":{"line":24,"column":76},"end":{"line":32,"column":2}},"6":{"start":{"line":34,"column":27},"end":{"line":35,"column":null}},"7":{"start":{"line":35,"column":37},"end":{"line":35,"column":53}},"8":{"start":{"line":40,"column":13},"end":{"line":45,"column":2}},"9":{"start":{"line":61,"column":19},"end":{"line":67,"column":5}},"10":{"start":{"line":62,"column":17},"end":{"line":62,"column":59}},"11":{"start":{"line":63,"column":22},"end":{"line":67,"column":4}},"12":{"start":{"line":66,"column":31},"end":{"line":66,"column":66}},"13":{"start":{"line":69,"column":2},"end":{"line":78,"column":3}},"14":{"start":{"line":70,"column":24},"end":{"line":70,"column":79}},"15":{"start":{"line":70,"column":45},"end":{"line":70,"column":78}},"16":{"start":{"line":71,"column":4},"end":{"line":77,"column":5}},"17":{"start":{"line":72,"column":6},"end":{"line":76,"column":9}},"18":{"start":{"line":80,"column":2},"end":{"line":80,"column":63}},"19":{"start":{"line":80,"column":38},"end":{"line":80,"column":61}},"20":{"start":{"line":91,"column":18},"end":{"line":95,"column":3}},"21":{"start":{"line":93,"column":6},"end":{"line":93,"column":74}},"22":{"start":{"line":93,"column":38},"end":{"line":93,"column":57}},"23":{"start":{"line":94,"column":4},"end":{"line":94,"column":68}},"24":{"start":{"line":94,"column":32},"end":{"line":94,"column":59}},"25":{"start":{"line":97,"column":2},"end":{"line":102,"column":4}},"26":{"start":{"line":107,"column":13},"end":{"line":111,"column":2}},"27":{"start":{"line":119,"column":2},"end":{"line":123,"column":4}},"28":{"start":{"line":130,"column":15},"end":{"line":130,"column":42}},"29":{"start":{"line":132,"column":2},"end":{"line":136,"column":5}},"30":{"start":{"line":133,"column":4},"end":{"line":133,"column":66}},"31":{"start":{"line":133,"column":53},"end":{"line":133,"column":66}},"32":{"start":{"line":134,"column":4},"end":{"line":134,"column":58}},"33":{"start":{"line":134,"column":45},"end":{"line":134,"column":58}},"34":{"start":{"line":135,"column":4},"end":{"line":135,"column":16}},"35":{"start":{"line":142,"column":2},"end":{"line":146,"column":4}},"36":{"start":{"line":144,"column":36},"end":{"line":144,"column":60}},"37":{"start":{"line":145,"column":36},"end":{"line":145,"column":60}}},"fnMap":{"0":{"name":"(anonymous_0)","decl":{"start":{"line":35,"column":24},"end":{"line":35,"column":25}},"loc":{"start":{"line":35,"column":37},"end":{"line":35,"column":53}}},"1":{"name":"buildActiveSections","decl":{"start":{"line":57,"column":16},"end":{"line":57,"column":35}},"loc":{"start":{"line":59,"column":33},"end":{"line":81,"column":1}}},"2":{"name":"(anonymous_2)","decl":{"start":{"line":62,"column":4},"end":{"line":62,"column":5}},"loc":{"start":{"line":62,"column":17},"end":{"line":62,"column":59}}},"3":{"name":"(anonymous_3)","decl":{"start":{"line":63,"column":8},"end":{"line":63,"column":9}},"loc":{"start":{"line":63,"column":22},"end":{"line":67,"column":4}}},"4":{"name":"(anonymous_4)","decl":{"start":{"line":66,"column":24},"end":{"line":66,"column":25}},"loc":{"start":{"line":66,"column":31},"end":{"line":66,"column":66}}},"5":{"name":"(anonymous_5)","decl":{"start":{"line":70,"column":38},"end":{"line":70,"column":39}},"loc":{"start":{"line":70,"column":45},"end":{"line":70,"column":78}}},"6":{"name":"(anonymous_6)","decl":{"start":{"line":80,"column":25},"end":{"line":80,"column":26}},"loc":{"start":{"line":80,"column":38},"end":{"line":80,"column":61}}},"7":{"name":"activeFilterCounts","decl":{"start":{"line":88,"column":16},"end":{"line":88,"column":34}},"loc":{"start":{"line":89,"column":22},"end":{"line":103,"column":1}}},"8":{"name":"(anonymous_8)","decl":{"start":{"line":91,"column":18},"end":{"line":91,"column":19}},"loc":{"start":{"line":91,"column":43},"end":{"line":95,"column":3}}},"9":{"name":"(anonymous_9)","decl":{"start":{"line":93,"column":25},"end":{"line":93,"column":26}},"loc":{"start":{"line":93,"column":38},"end":{"line":93,"column":57}}},"10":{"name":"(anonymous_10)","decl":{"start":{"line":94,"column":25},"end":{"line":94,"column":26}},"loc":{"start":{"line":94,"column":32},"end":{"line":94,"column":59}}},"11":{"name":"matchesSearch","decl":{"start":{"line":118,"column":9},"end":{"line":118,"column":22}},"loc":{"start":{"line":118,"column":59},"end":{"line":124,"column":1}}},"12":{"name":"filterHistoryOrders","decl":{"start":{"line":126,"column":16},"end":{"line":126,"column":35}},"loc":{"start":{"line":128,"column":47},"end":{"line":137,"column":1}}},"13":{"name":"(anonymous_13)","decl":{"start":{"line":132,"column":23},"end":{"line":132,"column":24}},"loc":{"start":{"line":132,"column":33},"end":{"line":136,"column":3}}},"14":{"name":"historyFilterCounts","decl":{"start":{"line":139,"column":16},"end":{"line":139,"column":35}},"loc":{"start":{"line":140,"column":22},"end":{"line":147,"column":1}}},"15":{"name":"(anonymous_15)","decl":{"start":{"line":144,"column":29},"end":{"line":144,"column":30}},"loc":{"start":{"line":144,"column":36},"end":{"line":144,"column":60}}},"16":{"name":"(anonymous_16)","decl":{"start":{"line":145,"column":29},"end":{"line":145,"column":30}},"loc":{"start":{"line":145,"column":36},"end":{"line":145,"column":60}}}},"branchMap":{"0":{"loc":{"start":{"line":59,"column":2},"end":{"line":59,"column":33}},"type":"default-arg","locations":[{"start":{"line":59,"column":28},"end":{"line":59,"column":33}}]},"1":{"loc":{"start":{"line":62,"column":17},"end":{"line":62,"column":59}},"type":"binary-expr","locations":[{"start":{"line":62,"column":17},"end":{"line":62,"column":33}},{"start":{"line":62,"column":37},"end":{"line":62,"column":59}}]},"2":{"loc":{"start":{"line":69,"column":2},"end":{"line":78,"column":3}},"type":"if","locations":[{"start":{"line":69,"column":2},"end":{"line":78,"column":3}}]},"3":{"loc":{"start":{"line":71,"column":4},"end":{"line":77,"column":5}},"type":"if","locations":[{"start":{"line":71,"column":4},"end":{"line":77,"column":5}}]},"4":{"loc":{"start":{"line":93,"column":6},"end":{"line":93,"column":74}},"type":"binary-expr","locations":[{"start":{"line":93,"column":6},"end":{"line":93,"column":68}},{"start":{"line":93,"column":72},"end":{"line":93,"column":74}}]},"5":{"loc":{"start":{"line":120,"column":4},"end":{"line":122,"column":38}},"type":"binary-expr","locations":[{"start":{"line":120,"column":4},"end":{"line":120,"column":50}},{"start":{"line":121,"column":4},"end":{"line":121,"column":51}},{"start":{"line":122,"column":4},"end":{"line":122,"column":38}}]},"6":{"loc":{"start":{"line":128,"column":12},"end":{"line":128,"column":23}},"type":"default-arg","locations":[{"start":{"line":128,"column":21},"end":{"line":128,"column":23}}]},"7":{"loc":{"start":{"line":133,"column":4},"end":{"line":133,"column":66}},"type":"if","locations":[{"start":{"line":133,"column":4},"end":{"line":133,"column":66}}]},"8":{"loc":{"start":{"line":133,"column":8},"end":{"line":133,"column":51}},"type":"binary-expr","locations":[{"start":{"line":133,"column":8},"end":{"line":133,"column":24}},{"start":{"line":133,"column":28},"end":{"line":133,"column":51}}]},"9":{"loc":{"start":{"line":134,"column":4},"end":{"line":134,"column":58}},"type":"if","locations":[{"start":{"line":134,"column":4},"end":{"line":134,"column":58}}]},"10":{"loc":{"start":{"line":134,"column":8},"end":{"line":134,"column":43}},"type":"binary-expr","locations":[{"start":{"line":134,"column":8},"end":{"line":134,"column":12}},{"start":{"line":134,"column":16},"end":{"line":134,"column":43}}]}},"s":{"0":1,"1":1,"2":1,"3":1,"4":1,"5":1,"6":1,"7":3,"8":1,"9":15,"10":45,"11":37,"12":76,"13":15,"14":11,"15":21,"16":11,"17":1,"18":15,"19":38,"20":4,"21":12,"22":24,"23":12,"24":18,"25":4,"26":1,"27":18,"28":11,"29":11,"30":33,"31":6,"32":27,"33":13,"34":14,"35":2,"36":3,"37":3},"f":{"0":3,"1":15,"2":45,"3":37,"4":76,"5":21,"6":38,"7":4,"8":12,"9":24,"10":18,"11":18,"12":11,"13":33,"14":2,"15":3,"16":3},"b":{"0":[10],"1":[45,12],"2":[11],"3":[1],"4":[12,0],"5":[18,17,14],"6":[3],"7":[6],"8":[33,12],"9":[13],"10":[27,18]}}
,"/Users/codemedavid/Documents/don-macchiatos/beracah-cafe/mobile/lib/sales.ts": {"path":"/Users/codemedavid/Documents/don-macchiatos/beracah-cafe/mobile/lib/sales.ts","statementMap":{"0":{"start":{"line":40,"column":0},"end":{"line":40,"column":16}},"1":{"start":{"line":33,"column":2},"end":{"line":35,"column":3}},"2":{"start":{"line":34,"column":4},"end":{"line":34,"column":40}},"3":{"start":{"line":36,"column":2},"end":{"line":36,"column":22}},"4":{"start":{"line":37,"column":2},"end":{"line":37,"column":29}},"5":{"start":{"line":41,"column":20},"end":{"line":41,"column":66}},"6":{"start":{"line":41,"column":41},"end":{"line":41,"column":65}},"7":{"start":{"line":42,"column":23},"end":{"line":42,"column":69}},"8":{"start":{"line":42,"column":52},"end":{"line":42,"column":65}},"9":{"start":{"line":43,"column":21},"end":{"line":43,"column":37}},"10":{"start":{"line":45,"column":47},"end":{"line":45,"column":49}},"11":{"start":{"line":46,"column":47},"end":{"line":46,"column":49}},"12":{"start":{"line":47,"column":2},"end":{"line":50,"column":3}},"13":{"start":{"line":48,"column":4},"end":{"line":48,"column":54}},"14":{"start":{"line":49,"column":4},"end":{"line":49,"column":56}},"15":{"start":{"line":52,"column":2},"end":{"line":60,"column":4}},"16":{"start":{"line":56,"column":41},"end":{"line":56,"column":65}}},"fnMap":{"0":{"name":"addToBreakdown","decl":{"start":{"line":28,"column":9},"end":{"line":28,"column":23}},"loc":{"start":{"line":31,"column":16},"end":{"line":38,"column":1}}},"1":{"name":"computeSalesStats","decl":{"start":{"line":40,"column":16},"end":{"line":40,"column":33}},"loc":{"start":{"line":40,"column":54},"end":{"line":61,"column":1}}},"2":{"name":"(anonymous_2)","decl":{"start":{"line":41,"column":34},"end":{"line":41,"column":35}},"loc":{"start":{"line":41,"column":41},"end":{"line":41,"column":65}}},"3":{"name":"(anonymous_3)","decl":{"start":{"line":42,"column":40},"end":{"line":42,"column":41}},"loc":{"start":{"line":42,"column":52},"end":{"line":42,"column":65}}},"4":{"name":"(anonymous_4)","decl":{"start":{"line":56,"column":34},"end":{"line":56,"column":35}},"loc":{"start":{"line":56,"column":41},"end":{"line":56,"column":65}}}},"branchMap":{"0":{"loc":{"start":{"line":33,"column":2},"end":{"line":35,"column":3}},"type":"if","locations":[{"start":{"line":33,"column":2},"end":{"line":35,"column":3}}]},"1":{"loc":{"start":{"line":57,"column":23},"end":{"line":57,"column":71}},"type":"cond-expr","locations":[{"start":{"line":57,"column":42},"end":{"line":57,"column":43}},{"start":{"line":57,"column":46},"end":{"line":57,"column":71}}]}},"s":{"0":1,"1":18,"2":10,"3":18,"4":18,"5":5,"6":12,"7":5,"8":9,"9":5,"10":5,"11":5,"12":5,"13":9,"14":9,"15":5,"16":12},"f":{"0":18,"1":5,"2":12,"3":9,"4":12},"b":{"0":[10],"1":[1,4]}}
,"/Users/codemedavid/Documents/don-macchiatos/beracah-cafe/mobile/lib/theme.ts": {"path":"/Users/codemedavid/Documents/don-macchiatos/beracah-cafe/mobile/lib/theme.ts","statementMap":{"0":{"start":{"line":8,"column":13},"end":{"line":31,"column":11}},"1":{"start":{"line":37,"column":13},"end":{"line":44,"column":2}},"2":{"start":{"line":46,"column":13},"end":{"line":52,"column":11}},"3":{"start":{"line":54,"column":13},"end":{"line":59,"column":11}},"4":{"start":{"line":61,"column":13},"end":{"line":67,"column":11}},"5":{"start":{"line":69,"column":13},"end":{"line":77,"column":11}}},"fnMap":{},"branchMap":{},"s":{"0":1,"1":1,"2":1,"3":1,"4":1,"5":1},"f":{},"b":{}}
}
