TN:
SF:../convex/lib/orderHistory.ts
FN:20,isClosedStatus
FN:31,historyTimestamp
FN:35,selectHistoryOrders
FN:42,(anonymous_3)
FN:50,(anonymous_4)
FN:63,statusPatch
FNF:6
FNH:6
FNDA:29,isClosedStatus
FNDA:32,historyTimestamp
FNDA:9,selectHistoryOrders
FNDA:18,(anonymous_3)
FNDA:8,(anonymous_4)
FNDA:5,statusPatch
DA:6,1
DA:20,1
DA:21,29
DA:31,1
DA:32,32
DA:35,1
DA:39,9
DA:41,9
DA:43,18
DA:44,14
DA:45,14
DA:46,13
DA:47,12
DA:50,8
DA:63,1
DA:67,5
LF:16
LH:16
BRDA:32,0,0,32
BRDA:32,0,1,5
BRDA:37,1,0,5
BRDA:43,2,0,4
BRDA:45,3,0,1
BRDA:45,4,0,14
BRDA:45,4,1,5
BRDA:46,5,0,1
BRDA:46,6,0,13
BRDA:46,6,1,4
BRDA:67,7,0,2
BRDA:67,7,1,3
BRF:12
BRH:12
end_of_record
TN:
SF:lib/format.ts
FN:10,formatTimeAgo
FN:18,formatCurrency
FN:29,getDateRange
FNF:3
FNH:3
FNDA:5,formatTimeAgo
FNDA:3,formatCurrency
FNDA:4,getDateRange
DA:6,1
DA:7,1
DA:8,1
DA:10,1
DA:11,5
DA:12,5
DA:13,3
DA:14,2
DA:15,1
DA:18,1
DA:19,3
DA:29,1
DA:33,4
DA:34,4
DA:36,4
DA:38,1
DA:43,1
DA:46,1
DA:48,1
DA:51,1
LF:20
LH:20
BRDA:10,0,0,0
BRDA:12,1,0,2
BRDA:13,2,0,1
BRDA:14,3,0,1
BRDA:31,4,0,0
BRDA:36,5,0,1
BRDA:36,5,1,1
BRDA:36,5,2,1
BRDA:36,5,3,1
BRDA:36,5,4,1
BRF:10
BRH:8
end_of_record
TN:
SF:lib/orderFilters.ts
FN:35,(anonymous_0)
FN:57,buildActiveSections
FN:62,(anonymous_2)
FN:63,(anonymous_3)
FN:66,(anonymous_4)
FN:70,(anonymous_5)
FN:80,(anonymous_6)
FN:88,activeFilterCounts
FN:91,(anonymous_8)
FN:93,(anonymous_9)
FN:94,(anonymous_10)
FN:118,matchesSearch
FN:126,filterHistoryOrders
FN:132,(anonymous_13)
FN:139,historyFilterCounts
FN:144,(anonymous_15)
FN:145,(anonymous_16)
FNF:17
FNH:17
FNDA:3,(anonymous_0)
FNDA:15,buildActiveSections
FNDA:45,(anonymous_2)
FNDA:37,(anonymous_3)
FNDA:76,(anonymous_4)
FNDA:21,(anonymous_5)
FNDA:38,(anonymous_6)
FNDA:4,activeFilterCounts
FNDA:12,(anonymous_8)
FNDA:24,(anonymous_9)
FNDA:18,(anonymous_10)
FNDA:18,matchesSearch
FNDA:11,filterHistoryOrders
FNDA:33,(anonymous_13)
FNDA:2,historyFilterCounts
FNDA:3,(anonymous_15)
FNDA:3,(anonymous_16)
DA:22,1
DA:24,1
DA:34,1
DA:35,3
DA:40,1
DA:57,1
DA:61,15
DA:62,45
DA:63,37
DA:66,76
DA:69,15
DA:70,21
DA:71,11
DA:72,1
DA:80,38
DA:88,1
DA:91,4
DA:93,24
DA:94,18
DA:97,4
DA:107,1
DA:119,18
DA:126,1
DA:130,11
DA:132,11
DA:133,33
DA:134,27
DA:135,14
DA:139,1
DA:142,2
DA:144,3
DA:145,3
LF:32
LH:32
BRDA:59,0,0,10
BRDA:62,1,0,45
BRDA:62,1,1,12
BRDA:69,2,0,11
BRDA:71,3,0,1
BRDA:93,4,0,12
BRDA:93,4,1,0
BRDA:120,5,0,18
BRDA:120,5,1,17
BRDA:120,5,2,14
BRDA:128,6,0,3
BRDA:133,7,0,6
BRDA:133,8,0,33
BRDA:133,8,1,12
BRDA:134,9,0,13
BRDA:134,10,0,27
BRDA:134,10,1,18
BRF:17
BRH:16
end_of_record
TN:
SF:lib/sales.ts
FN:28,addToBreakdown
FN:40,computeSalesStats
FN:41,(anonymous_2)
FN:42,(anonymous_3)
FN:56,(anonymous_4)
FNF:5
FNH:5
FNDA:18,addToBreakdown
FNDA:5,computeSalesStats
FNDA:12,(anonymous_2)
FNDA:9,(anonymous_3)
FNDA:12,(anonymous_4)
DA:33,18
DA:34,10
DA:36,18
DA:37,18
DA:40,1
DA:41,12
DA:42,9
DA:43,5
DA:45,5
DA:46,5
DA:47,5
DA:48,9
DA:49,9
DA:52,5
DA:56,12
LF:15
LH:15
BRDA:33,0,0,10
BRDA:57,1,0,1
BRDA:57,1,1,4
BRF:3
BRH:3
end_of_record
TN:
SF:lib/theme.ts
FNF:0
FNH:0
DA:8,1
DA:37,1
DA:46,1
DA:54,1
DA:61,1
DA:69,1
LF:6
LH:6
BRF:0
BRH:0
end_of_record
