{"/Users/codemedavid/Documents/don-macchiatos/beracah-cafe/src/components/OrderTracking.tsx": {"path":"/Users/codemedavid/Documents/don-macchiatos/beracah-cafe/src/components/OrderTracking.tsx","all":false,"statementMap":{"0":{"start":{"line":1,"column":0},"end":{"line":1,"column":69}},"56":{"start":{"line":57,"column":0},"end":{"line":57,"column":78}},"57":{"start":{"line":58,"column":0},"end":{"line":58,"column":29}},"59":{"start":{"line":60,"column":0},"end":{"line":60,"column":32}},"60":{"start":{"line":61,"column":0},"end":{"line":61,"column":79}},"61":{"start":{"line":62,"column":0},"end":{"line":62,"column":3}},"62":{"start":{"line":63,"column":0},"end":{"line":63,"column":31}},"63":{"start":{"line":64,"column":0},"end":{"line":64,"column":39}},"64":{"start":{"line":65,"column":0},"end":{"line":65,"column":3}},"65":{"start":{"line":66,"column":0},"end":{"line":66,"column":28}},"66":{"start":{"line":67,"column":0},"end":{"line":67,"column":46}},"67":{"start":{"line":68,"column":0},"end":{"line":68,"column":3}},"69":{"start":{"line":70,"column":0},"end":{"line":70,"column":27}},"70":{"start":{"line":71,"column":0},"end":{"line":71,"column":2}},"72":{"start":{"line":73,"column":0},"end":{"line":73,"column":60}},"73":{"start":{"line":74,"column":0},"end":{"line":74,"column":10}},"74":{"start":{"line":75,"column":0},"end":{"line":75,"column":30}},"75":{"start":{"line":76,"column":0},"end":{"line":76,"column":38}},"76":{"start":{"line":77,"column":0},"end":{"line":77,"column":54}},"77":{"start":{"line":78,"column":0},"end":{"line":78,"column":43}},"79":{"start":{"line":80,"column":0},"end":{"line":80,"column":16}},"80":{"start":{"line":81,"column":0},"end":{"line":81,"column":13}},"81":{"start":{"line":82,"column":0},"end":{"line":82,"column":23}},"82":{"start":{"line":83,"column":0},"end":{"line":83,"column":42}},"83":{"start":{"line":84,"column":0},"end":{"line":84,"column":42}},"84":{"start":{"line":85,"column":0},"end":{"line":85,"column":46}},"86":{"start":{"line":87,"column":0},"end":{"line":87,"column":17}},"87":{"start":{"line":88,"column":0},"end":{"line":88,"column":138}},"88":{"start":{"line":89,"column":0},"end":{"line":89,"column":23}},"89":{"start":{"line":90,"column":0},"end":{"line":90,"column":54}},"90":{"start":{"line":91,"column":0},"end":{"line":91,"column":64}},"91":{"start":{"line":92,"column":0},"end":{"line":92,"column":17}},"93":{"start":{"line":94,"column":0},"end":{"line":94,"column":40}},"94":{"start":{"line":95,"column":0},"end":{"line":95,"column":60}},"96":{"start":{"line":97,"column":0},"end":{"line":97,"column":49}},"98":{"start":{"line":99,"column":0},"end":{"line":99,"column":19}},"99":{"start":{"line":100,"column":0},"end":{"line":100,"column":17}},"100":{"start":{"line":101,"column":0},"end":{"line":101,"column":16}},"101":{"start":{"line":102,"column":0},"end":{"line":102,"column":85}},"103":{"start":{"line":104,"column":0},"end":{"line":104,"column":38}},"104":{"start":{"line":105,"column":0},"end":{"line":105,"column":18}},"105":{"start":{"line":106,"column":0},"end":{"line":106,"column":29}},"106":{"start":{"line":107,"column":0},"end":{"line":107,"column":53}},"107":{"start":{"line":108,"column":0},"end":{"line":108,"column":46}},"108":{"start":{"line":109,"column":0},"end":{"line":109,"column":20}},"110":{"start":{"line":111,"column":0},"end":{"line":111,"column":18}},"111":{"start":{"line":112,"column":0},"end":{"line":112,"column":15}},"113":{"start":{"line":114,"column":0},"end":{"line":114,"column":9}},"114":{"start":{"line":115,"column":0},"end":{"line":115,"column":9}},"116":{"start":{"line":117,"column":0},"end":{"line":117,"column":1}},"118":{"start":{"line":119,"column":0},"end":{"line":119,"column":84}},"119":{"start":{"line":120,"column":0},"end":{"line":120,"column":27}},"120":{"start":{"line":121,"column":0},"end":{"line":121,"column":40}},"121":{"start":{"line":122,"column":0},"end":{"line":122,"column":32}},"123":{"start":{"line":124,"column":0},"end":{"line":124,"column":10}},"124":{"start":{"line":125,"column":0},"end":{"line":125,"column":49}},"125":{"start":{"line":126,"column":0},"end":{"line":126,"column":40}},"126":{"start":{"line":127,"column":0},"end":{"line":127,"column":72}},"127":{"start":{"line":128,"column":0},"end":{"line":128,"column":73}},"128":{"start":{"line":129,"column":0},"end":{"line":129,"column":13}},"129":{"start":{"line":130,"column":0},"end":{"line":130,"column":42}},"131":{"start":{"line":132,"column":0},"end":{"line":132,"column":12}},"132":{"start":{"line":133,"column":0},"end":{"line":133,"column":10}},"133":{"start":{"line":134,"column":0},"end":{"line":134,"column":126}},"134":{"start":{"line":135,"column":0},"end":{"line":135,"column":35}},"136":{"start":{"line":137,"column":0},"end":{"line":137,"column":29}},"137":{"start":{"line":138,"column":0},"end":{"line":138,"column":12}},"138":{"start":{"line":139,"column":0},"end":{"line":139,"column":12}},"140":{"start":{"line":141,"column":0},"end":{"line":141,"column":17}},"141":{"start":{"line":142,"column":0},"end":{"line":142,"column":12}},"142":{"start":{"line":143,"column":0},"end":{"line":143,"column":36}},"143":{"start":{"line":144,"column":0},"end":{"line":144,"column":23}},"144":{"start":{"line":145,"column":0},"end":{"line":145,"column":113}},"146":{"start":{"line":147,"column":0},"end":{"line":147,"column":62}},"147":{"start":{"line":148,"column":0},"end":{"line":148,"column":15}},"148":{"start":{"line":149,"column":0},"end":{"line":149,"column":75}},"150":{"start":{"line":151,"column":0},"end":{"line":151,"column":17}},"151":{"start":{"line":152,"column":0},"end":{"line":152,"column":49}},"152":{"start":{"line":153,"column":0},"end":{"line":153,"column":41}},"153":{"start":{"line":154,"column":0},"end":{"line":154,"column":16}},"154":{"start":{"line":155,"column":0},"end":{"line":155,"column":16}},"155":{"start":{"line":156,"column":0},"end":{"line":156,"column":14}},"158":{"start":{"line":159,"column":0},"end":{"line":159,"column":61}},"160":{"start":{"line":161,"column":0},"end":{"line":161,"column":59}},"161":{"start":{"line":162,"column":0},"end":{"line":162,"column":66}},"162":{"start":{"line":163,"column":0},"end":{"line":163,"column":74}},"164":{"start":{"line":165,"column":0},"end":{"line":165,"column":17}},"165":{"start":{"line":166,"column":0},"end":{"line":166,"column":17}},"166":{"start":{"line":167,"column":0},"end":{"line":167,"column":74}},"167":{"start":{"line":168,"column":0},"end":{"line":168,"column":59}},"168":{"start":{"line":169,"column":0},"end":{"line":169,"column":17}},"170":{"start":{"line":171,"column":0},"end":{"line":171,"column":19}},"171":{"start":{"line":172,"column":0},"end":{"line":172,"column":51}},"172":{"start":{"line":173,"column":0},"end":{"line":173,"column":71}},"173":{"start":{"line":174,"column":0},"end":{"line":174,"column":19}},"174":{"start":{"line":175,"column":0},"end":{"line":175,"column":16}},"175":{"start":{"line":176,"column":0},"end":{"line":176,"column":47}},"176":{"start":{"line":177,"column":0},"end":{"line":177,"column":19}},"177":{"start":{"line":178,"column":0},"end":{"line":178,"column":16}},"179":{"start":{"line":180,"column":0},"end":{"line":180,"column":14}},"180":{"start":{"line":181,"column":0},"end":{"line":181,"column":40}},"181":{"start":{"line":182,"column":0},"end":{"line":182,"column":55}},"183":{"start":{"line":184,"column":0},"end":{"line":184,"column":60}},"184":{"start":{"line":185,"column":0},"end":{"line":185,"column":37}},"185":{"start":{"line":186,"column":0},"end":{"line":186,"column":16}},"186":{"start":{"line":187,"column":0},"end":{"line":187,"column":49}},"187":{"start":{"line":188,"column":0},"end":{"line":188,"column":43}},"188":{"start":{"line":189,"column":0},"end":{"line":189,"column":16}},"189":{"start":{"line":190,"column":0},"end":{"line":190,"column":16}},"191":{"start":{"line":192,"column":0},"end":{"line":192,"column":24}},"192":{"start":{"line":193,"column":0},"end":{"line":193,"column":67}},"193":{"start":{"line":194,"column":0},"end":{"line":194,"column":49}},"194":{"start":{"line":195,"column":0},"end":{"line":195,"column":37}},"196":{"start":{"line":197,"column":0},"end":{"line":197,"column":18}},"197":{"start":{"line":198,"column":0},"end":{"line":198,"column":18}},"199":{"start":{"line":200,"column":0},"end":{"line":200,"column":44}},"201":{"start":{"line":202,"column":0},"end":{"line":202,"column":14}},"204":{"start":{"line":205,"column":0},"end":{"line":205,"column":59}},"205":{"start":{"line":206,"column":0},"end":{"line":206,"column":77}},"207":{"start":{"line":208,"column":0},"end":{"line":208,"column":15}},"209":{"start":{"line":210,"column":0},"end":{"line":210,"column":71}},"210":{"start":{"line":211,"column":0},"end":{"line":211,"column":36}},"211":{"start":{"line":212,"column":0},"end":{"line":212,"column":81}},"213":{"start":{"line":214,"column":0},"end":{"line":214,"column":37}},"214":{"start":{"line":215,"column":0},"end":{"line":215,"column":51}},"215":{"start":{"line":216,"column":0},"end":{"line":216,"column":46}},"216":{"start":{"line":217,"column":0},"end":{"line":217,"column":18}},"218":{"start":{"line":219,"column":0},"end":{"line":219,"column":49}},"219":{"start":{"line":220,"column":0},"end":{"line":220,"column":58}},"220":{"start":{"line":221,"column":0},"end":{"line":221,"column":16}},"221":{"start":{"line":222,"column":0},"end":{"line":222,"column":31}},"222":{"start":{"line":223,"column":0},"end":{"line":223,"column":79}},"224":{"start":{"line":225,"column":0},"end":{"line":225,"column":34}},"225":{"start":{"line":226,"column":0},"end":{"line":226,"column":51}},"226":{"start":{"line":227,"column":0},"end":{"line":227,"column":47}},"227":{"start":{"line":228,"column":0},"end":{"line":228,"column":18}},"229":{"start":{"line":230,"column":0},"end":{"line":230,"column":49}},"230":{"start":{"line":231,"column":0},"end":{"line":231,"column":60}},"231":{"start":{"line":232,"column":0},"end":{"line":232,"column":16}},"232":{"start":{"line":233,"column":0},"end":{"line":233,"column":29}},"233":{"start":{"line":234,"column":0},"end":{"line":234,"column":75}},"235":{"start":{"line":236,"column":0},"end":{"line":236,"column":16}},"237":{"start":{"line":238,"column":0},"end":{"line":238,"column":42}},"238":{"start":{"line":239,"column":0},"end":{"line":239,"column":47}},"239":{"start":{"line":240,"column":0},"end":{"line":240,"column":49}},"241":{"start":{"line":242,"column":0},"end":{"line":242,"column":22}},"242":{"start":{"line":243,"column":0},"end":{"line":243,"column":20}},"243":{"start":{"line":244,"column":0},"end":{"line":244,"column":47}},"244":{"start":{"line":245,"column":0},"end":{"line":245,"column":93}},"246":{"start":{"line":247,"column":0},"end":{"line":247,"column":23}},"247":{"start":{"line":248,"column":0},"end":{"line":248,"column":59}},"248":{"start":{"line":249,"column":0},"end":{"line":249,"column":50}},"249":{"start":{"line":250,"column":0},"end":{"line":250,"column":25}},"250":{"start":{"line":251,"column":0},"end":{"line":251,"column":33}},"251":{"start":{"line":252,"column":0},"end":{"line":252,"column":72}},"253":{"start":{"line":254,"column":0},"end":{"line":254,"column":24}},"254":{"start":{"line":255,"column":0},"end":{"line":255,"column":61}},"255":{"start":{"line":256,"column":0},"end":{"line":256,"column":54}},"256":{"start":{"line":257,"column":0},"end":{"line":257,"column":25}},"257":{"start":{"line":258,"column":0},"end":{"line":258,"column":22}},"259":{"start":{"line":260,"column":0},"end":{"line":260,"column":15}},"261":{"start":{"line":262,"column":0},"end":{"line":262,"column":56}},"262":{"start":{"line":263,"column":0},"end":{"line":263,"column":18}},"263":{"start":{"line":264,"column":0},"end":{"line":264,"column":53}},"264":{"start":{"line":265,"column":0},"end":{"line":265,"column":58}},"266":{"start":{"line":267,"column":0},"end":{"line":267,"column":66}},"267":{"start":{"line":268,"column":0},"end":{"line":268,"column":23}},"268":{"start":{"line":269,"column":0},"end":{"line":269,"column":61}},"269":{"start":{"line":270,"column":0},"end":{"line":270,"column":106}},"271":{"start":{"line":272,"column":0},"end":{"line":272,"column":29}},"272":{"start":{"line":273,"column":0},"end":{"line":273,"column":61}},"273":{"start":{"line":274,"column":0},"end":{"line":274,"column":62}},"274":{"start":{"line":275,"column":0},"end":{"line":275,"column":27}},"275":{"start":{"line":276,"column":0},"end":{"line":276,"column":26}},"276":{"start":{"line":277,"column":0},"end":{"line":277,"column":59}},"277":{"start":{"line":278,"column":0},"end":{"line":278,"column":74}},"278":{"start":{"line":279,"column":0},"end":{"line":279,"column":65}},"280":{"start":{"line":281,"column":0},"end":{"line":281,"column":32}},"281":{"start":{"line":282,"column":0},"end":{"line":282,"column":28}},"282":{"start":{"line":283,"column":0},"end":{"line":283,"column":73}},"283":{"start":{"line":284,"column":0},"end":{"line":284,"column":61}},"284":{"start":{"line":285,"column":0},"end":{"line":285,"column":27}},"285":{"start":{"line":286,"column":0},"end":{"line":286,"column":47}},"286":{"start":{"line":287,"column":0},"end":{"line":287,"column":60}},"287":{"start":{"line":288,"column":0},"end":{"line":288,"column":30}},"289":{"start":{"line":290,"column":0},"end":{"line":290,"column":25}},"290":{"start":{"line":291,"column":0},"end":{"line":291,"column":26}},"291":{"start":{"line":292,"column":0},"end":{"line":292,"column":24}},"292":{"start":{"line":293,"column":0},"end":{"line":293,"column":61}},"293":{"start":{"line":294,"column":0},"end":{"line":294,"column":59}},"294":{"start":{"line":295,"column":0},"end":{"line":295,"column":25}},"295":{"start":{"line":296,"column":0},"end":{"line":296,"column":22}},"296":{"start":{"line":297,"column":0},"end":{"line":297,"column":20}},"297":{"start":{"line":298,"column":0},"end":{"line":298,"column":15}},"298":{"start":{"line":299,"column":0},"end":{"line":299,"column":16}},"300":{"start":{"line":301,"column":0},"end":{"line":301,"column":63}},"301":{"start":{"line":302,"column":0},"end":{"line":302,"column":111}},"302":{"start":{"line":303,"column":0},"end":{"line":303,"column":33}},"303":{"start":{"line":304,"column":0},"end":{"line":304,"column":41}},"304":{"start":{"line":305,"column":0},"end":{"line":305,"column":18}},"305":{"start":{"line":306,"column":0},"end":{"line":306,"column":16}},"307":{"start":{"line":308,"column":0},"end":{"line":308,"column":17}},"308":{"start":{"line":309,"column":0},"end":{"line":309,"column":25}},"309":{"start":{"line":310,"column":0},"end":{"line":310,"column":32}},"310":{"start":{"line":311,"column":0},"end":{"line":311,"column":161}},"311":{"start":{"line":312,"column":0},"end":{"line":312,"column":11}},"313":{"start":{"line":314,"column":0},"end":{"line":314,"column":19}},"314":{"start":{"line":315,"column":0},"end":{"line":315,"column":14}},"315":{"start":{"line":316,"column":0},"end":{"line":316,"column":12}},"316":{"start":{"line":317,"column":0},"end":{"line":317,"column":10}},"318":{"start":{"line":319,"column":0},"end":{"line":319,"column":1}}},"s":{"0":1,"56":1,"57":23,"59":23,"60":7,"61":7,"62":23,"63":0,"64":0,"65":23,"66":7,"67":7,"69":23,"70":23,"72":8,"73":8,"74":8,"75":8,"76":40,"77":40,"79":40,"80":40,"81":40,"82":40,"83":40,"84":40,"86":40,"87":40,"88":40,"89":21,"90":19,"91":40,"93":40,"94":0,"96":40,"98":40,"99":40,"100":40,"101":40,"103":40,"104":40,"105":40,"106":8,"107":8,"108":8,"110":40,"111":40,"113":8,"114":8,"116":8,"118":9,"119":9,"120":9,"121":9,"123":9,"124":9,"125":9,"126":9,"127":9,"128":9,"129":9,"131":9,"132":9,"133":9,"134":9,"136":9,"137":9,"138":9,"140":9,"141":1,"142":1,"143":1,"144":1,"146":1,"147":1,"148":1,"150":1,"151":1,"152":1,"153":1,"154":1,"155":1,"158":9,"160":9,"161":9,"162":9,"164":9,"165":9,"166":9,"167":9,"168":9,"170":9,"171":9,"172":9,"173":9,"174":9,"175":9,"176":9,"177":9,"179":9,"180":9,"181":9,"183":9,"184":9,"185":9,"186":9,"187":9,"188":9,"189":9,"191":9,"192":1,"193":1,"194":1,"196":1,"197":1,"199":8,"201":9,"204":9,"205":9,"207":9,"209":9,"210":9,"211":7,"213":9,"214":7,"215":7,"216":7,"218":9,"219":9,"220":9,"221":9,"222":0,"224":9,"225":7,"226":7,"227":7,"229":9,"230":9,"231":9,"232":9,"233":7,"235":9,"237":9,"238":9,"239":9,"241":9,"242":9,"243":9,"244":9,"246":9,"247":9,"248":9,"249":9,"250":9,"251":7,"253":9,"254":9,"255":9,"256":9,"257":9,"259":9,"261":9,"262":7,"263":7,"264":7,"266":7,"267":7,"268":7,"269":7,"271":7,"272":7,"273":7,"274":7,"275":7,"276":7,"277":7,"278":14,"280":14,"281":14,"282":14,"283":14,"284":14,"285":14,"286":14,"287":14,"289":7,"290":7,"291":7,"292":7,"293":7,"294":7,"295":7,"296":7,"297":9,"298":9,"300":9,"301":9,"302":9,"303":9,"304":9,"305":9,"307":9,"308":9,"309":9,"310":9,"311":9,"313":9,"314":9,"315":9,"316":9,"318":9},"branchMap":{"0":{"type":"branch","line":57,"loc":{"start":{"line":57,"column":21},"end":{"line":71,"column":2}},"locations":[{"start":{"line":57,"column":21},"end":{"line":71,"column":2}}]},"1":{"type":"branch","line":60,"loc":{"start":{"line":60,"column":11},"end":{"line":60,"column":31}},"locations":[{"start":{"line":60,"column":11},"end":{"line":60,"column":31}}]},"2":{"type":"branch","line":60,"loc":{"start":{"line":60,"column":31},"end":{"line":62,"column":3}},"locations":[{"start":{"line":60,"column":31},"end":{"line":62,"column":3}}]},"3":{"type":"branch","line":63,"loc":{"start":{"line":63,"column":30},"end":{"line":65,"column":3}},"locations":[{"start":{"line":63,"column":30},"end":{"line":65,"column":3}}]},"4":{"type":"branch","line":66,"loc":{"start":{"line":66,"column":11},"end":{"line":66,"column":27}},"locations":[{"start":{"line":66,"column":11},"end":{"line":66,"column":27}}]},"5":{"type":"branch","line":66,"loc":{"start":{"line":66,"column":27},"end":{"line":68,"column":3}},"locations":[{"start":{"line":66,"column":27},"end":{"line":68,"column":3}}]},"6":{"type":"branch","line":61,"loc":{"start":{"line":61,"column":35},"end":{"line":61,"column":64}},"locations":[{"start":{"line":61,"column":35},"end":{"line":61,"column":64}}]},"7":{"type":"branch","line":73,"loc":{"start":{"line":73,"column":0},"end":{"line":117,"column":1}},"locations":[{"start":{"line":73,"column":0},"end":{"line":117,"column":1}}]},"8":{"type":"branch","line":76,"loc":{"start":{"line":76,"column":26},"end":{"line":114,"column":7}},"locations":[{"start":{"line":76,"column":26},"end":{"line":114,"column":7}}]},"9":{"type":"branch","line":89,"loc":{"start":{"line":89,"column":16},"end":{"line":90,"column":54}},"locations":[{"start":{"line":89,"column":16},"end":{"line":90,"column":54}}]},"10":{"type":"branch","line":90,"loc":{"start":{"line":90,"column":20},"end":{"line":91,"column":64}},"locations":[{"start":{"line":90,"column":20},"end":{"line":91,"column":64}}]},"11":{"type":"branch","line":94,"loc":{"start":{"line":94,"column":15},"end":{"line":94,"column":40}},"locations":[{"start":{"line":94,"column":15},"end":{"line":94,"column":40}}]},"12":{"type":"branch","line":94,"loc":{"start":{"line":94,"column":29},"end":{"line":95,"column":60}},"locations":[{"start":{"line":94,"column":29},"end":{"line":95,"column":60}}]},"13":{"type":"branch","line":102,"loc":{"start":{"line":102,"column":42},"end":{"line":102,"column":67}},"locations":[{"start":{"line":102,"column":42},"end":{"line":102,"column":67}}]},"14":{"type":"branch","line":102,"loc":{"start":{"line":102,"column":52},"end":{"line":102,"column":82}},"locations":[{"start":{"line":102,"column":52},"end":{"line":102,"column":82}}]},"15":{"type":"branch","line":106,"loc":{"start":{"line":106,"column":15},"end":{"line":109,"column":20}},"locations":[{"start":{"line":106,"column":15},"end":{"line":109,"column":20}}]},"16":{"type":"branch","line":119,"loc":{"start":{"line":119,"column":0},"end":{"line":319,"column":1}},"locations":[{"start":{"line":119,"column":0},"end":{"line":319,"column":1}}]},"17":{"type":"branch","line":128,"loc":{"start":{"line":128,"column":26},"end":{"line":128,"column":69}},"locations":[{"start":{"line":128,"column":26},"end":{"line":128,"column":69}}]},"18":{"type":"branch","line":128,"loc":{"start":{"line":128,"column":64},"end":{"line":128,"column":72}},"locations":[{"start":{"line":128,"column":64},"end":{"line":128,"column":72}}]},"19":{"type":"branch","line":141,"loc":{"start":{"line":141,"column":7},"end":{"line":156,"column":14}},"locations":[{"start":{"line":141,"column":7},"end":{"line":156,"column":14}}]},"20":{"type":"branch","line":168,"loc":{"start":{"line":168,"column":16},"end":{"line":168,"column":44}},"locations":[{"start":{"line":168,"column":16},"end":{"line":168,"column":44}}]},"21":{"type":"branch","line":168,"loc":{"start":{"line":168,"column":25},"end":{"line":168,"column":59}},"locations":[{"start":{"line":168,"column":25},"end":{"line":168,"column":59}}]},"22":{"type":"branch","line":173,"loc":{"start":{"line":173,"column":18},"end":{"line":173,"column":58}},"locations":[{"start":{"line":173,"column":18},"end":{"line":173,"column":58}}]},"23":{"type":"branch","line":173,"loc":{"start":{"line":173,"column":27},"end":{"line":173,"column":71}},"locations":[{"start":{"line":173,"column":27},"end":{"line":173,"column":71}}]},"24":{"type":"branch","line":176,"loc":{"start":{"line":176,"column":15},"end":{"line":176,"column":33}},"locations":[{"start":{"line":176,"column":15},"end":{"line":176,"column":33}}]},"25":{"type":"branch","line":176,"loc":{"start":{"line":176,"column":24},"end":{"line":176,"column":47}},"locations":[{"start":{"line":176,"column":24},"end":{"line":176,"column":47}}]},"26":{"type":"branch","line":192,"loc":{"start":{"line":192,"column":11},"end":{"line":198,"column":18}},"locations":[{"start":{"line":192,"column":11},"end":{"line":198,"column":18}}]},"27":{"type":"branch","line":198,"loc":{"start":{"line":198,"column":12},"end":{"line":200,"column":44}},"locations":[{"start":{"line":198,"column":12},"end":{"line":200,"column":44}}]},"28":{"type":"branch","line":211,"loc":{"start":{"line":211,"column":19},"end":{"line":212,"column":81}},"locations":[{"start":{"line":211,"column":19},"end":{"line":212,"column":81}}]},"29":{"type":"branch","line":214,"loc":{"start":{"line":214,"column":19},"end":{"line":217,"column":18}},"locations":[{"start":{"line":214,"column":19},"end":{"line":217,"column":18}}]},"30":{"type":"branch","line":222,"loc":{"start":{"line":222,"column":19},"end":{"line":223,"column":79}},"locations":[{"start":{"line":222,"column":19},"end":{"line":223,"column":79}}]},"31":{"type":"branch","line":225,"loc":{"start":{"line":225,"column":19},"end":{"line":228,"column":18}},"locations":[{"start":{"line":225,"column":19},"end":{"line":228,"column":18}}]},"32":{"type":"branch","line":233,"loc":{"start":{"line":233,"column":19},"end":{"line":234,"column":75}},"locations":[{"start":{"line":233,"column":19},"end":{"line":234,"column":75}}]},"33":{"type":"branch","line":262,"loc":{"start":{"line":262,"column":19},"end":{"line":262,"column":36}},"locations":[{"start":{"line":262,"column":19},"end":{"line":262,"column":36}}]},"34":{"type":"branch","line":239,"loc":{"start":{"line":239,"column":29},"end":{"line":260,"column":13}},"locations":[{"start":{"line":239,"column":29},"end":{"line":260,"column":13}}]},"35":{"type":"branch","line":251,"loc":{"start":{"line":251,"column":21},"end":{"line":252,"column":72}},"locations":[{"start":{"line":251,"column":21},"end":{"line":252,"column":72}}]},"36":{"type":"branch","line":262,"loc":{"start":{"line":262,"column":36},"end":{"line":297,"column":20}},"locations":[{"start":{"line":262,"column":36},"end":{"line":297,"column":20}}]},"37":{"type":"branch","line":278,"loc":{"start":{"line":278,"column":40},"end":{"line":290,"column":23}},"locations":[{"start":{"line":278,"column":40},"end":{"line":290,"column":23}}]},"38":{"type":"branch","line":287,"loc":{"start":{"line":287,"column":29},"end":{"line":287,"column":57}},"locations":[{"start":{"line":287,"column":29},"end":{"line":287,"column":57}}]}},"b":{"0":[23],"1":[9],"2":[7],"3":[0],"4":[9],"5":[7],"6":[7],"7":[8],"8":[40],"9":[21],"10":[19],"11":[8],"12":[0],"13":[21],"14":[19],"15":[8],"16":[9],"17":[7],"18":[2],"19":[1],"20":[7],"21":[2],"22":[7],"23":[2],"24":[7],"25":[2],"26":[1],"27":[8],"28":[7],"29":[7],"30":[0],"31":[7],"32":[7],"33":[7],"34":[9],"35":[7],"36":[7],"37":[14],"38":[0]},"fnMap":{"0":{"name":"describeItem","decl":{"start":{"line":57,"column":21},"end":{"line":71,"column":2}},"loc":{"start":{"line":57,"column":21},"end":{"line":71,"column":2}},"line":57},"1":{"name":"StageTracker","decl":{"start":{"line":73,"column":0},"end":{"line":117,"column":1}},"loc":{"start":{"line":73,"column":0},"end":{"line":117,"column":1}},"line":73},"2":{"name":"OrderTracking","decl":{"start":{"line":119,"column":0},"end":{"line":319,"column":1}},"loc":{"start":{"line":119,"column":0},"end":{"line":319,"column":1}},"line":119}},"f":{"0":23,"1":8,"2":9}}
,"/Users/codemedavid/Documents/don-macchiatos/beracah-cafe/src/hooks/useReadyAlert.ts": {"path":"/Users/codemedavid/Documents/don-macchiatos/beracah-cafe/src/hooks/useReadyAlert.ts","all":false,"statementMap":{"0":{"start":{"line":1,"column":0},"end":{"line":1,"column":42}},"4":{"start":{"line":5,"column":0},"end":{"line":5,"column":55}},"6":{"start":{"line":7,"column":0},"end":{"line":7,"column":23}},"7":{"start":{"line":8,"column":0},"end":{"line":8,"column":69}},"9":{"start":{"line":10,"column":0},"end":{"line":10,"column":7}},"10":{"start":{"line":11,"column":0},"end":{"line":11,"column":44}},"11":{"start":{"line":12,"column":0},"end":{"line":12,"column":11}},"13":{"start":{"line":14,"column":0},"end":{"line":14,"column":3}},"14":{"start":{"line":15,"column":0},"end":{"line":15,"column":2}},"16":{"start":{"line":17,"column":0},"end":{"line":17,"column":35}},"17":{"start":{"line":18,"column":0},"end":{"line":18,"column":34}},"18":{"start":{"line":19,"column":0},"end":{"line":19,"column":15}},"19":{"start":{"line":20,"column":0},"end":{"line":20,"column":14}},"20":{"start":{"line":21,"column":0},"end":{"line":21,"column":29}},"21":{"start":{"line":22,"column":0},"end":{"line":22,"column":4}},"22":{"start":{"line":23,"column":0},"end":{"line":23,"column":2}},"30":{"start":{"line":31,"column":0},"end":{"line":31,"column":30}},"31":{"start":{"line":32,"column":0},"end":{"line":32,"column":34}},"32":{"start":{"line":33,"column":0},"end":{"line":33,"column":35}},"33":{"start":{"line":34,"column":0},"end":{"line":34,"column":12}},"34":{"start":{"line":35,"column":0},"end":{"line":35,"column":61}},"36":{"start":{"line":37,"column":0},"end":{"line":37,"column":19}},"37":{"start":{"line":38,"column":0},"end":{"line":38,"column":24}},"39":{"start":{"line":40,"column":0},"end":{"line":40,"column":60}},"40":{"start":{"line":41,"column":0},"end":{"line":41,"column":19}},"41":{"start":{"line":42,"column":0},"end":{"line":42,"column":5}},"43":{"start":{"line":44,"column":0},"end":{"line":44,"column":39}},"44":{"start":{"line":45,"column":0},"end":{"line":45,"column":22}},"45":{"start":{"line":46,"column":0},"end":{"line":46,"column":2}}},"s":{"0":1,"4":1,"6":1,"7":2,"9":2,"10":2,"11":2,"13":1,"14":2,"16":1,"17":1,"18":1,"19":2,"20":2,"21":2,"22":1,"30":1,"31":17,"32":17,"33":17,"34":17,"36":17,"37":16,"39":14,"40":4,"41":4,"43":13,"44":17,"45":17},"branchMap":{"0":{"type":"branch","line":7,"loc":{"start":{"line":7,"column":16},"end":{"line":15,"column":2}},"locations":[{"start":{"line":7,"column":16},"end":{"line":15,"column":2}}]},"1":{"type":"branch","line":8,"loc":{"start":{"line":8,"column":62},"end":{"line":8,"column":69}},"locations":[{"start":{"line":8,"column":62},"end":{"line":8,"column":69}}]},"2":{"type":"branch","line":12,"loc":{"start":{"line":12,"column":2},"end":{"line":14,"column":3}},"locations":[{"start":{"line":12,"column":2},"end":{"line":14,"column":3}}]},"3":{"type":"branch","line":19,"loc":{"start":{"line":19,"column":8},"end":{"line":22,"column":4}},"locations":[{"start":{"line":19,"column":8},"end":{"line":22,"column":4}}]},"4":{"type":"branch","line":31,"loc":{"start":{"line":31,"column":29},"end":{"line":46,"column":2}},"locations":[{"start":{"line":31,"column":29},"end":{"line":46,"column":2}}]},"5":{"type":"branch","line":37,"loc":{"start":{"line":37,"column":12},"end":{"line":45,"column":5}},"locations":[{"start":{"line":37,"column":12},"end":{"line":45,"column":5}}]},"6":{"type":"branch","line":38,"loc":{"start":{"line":38,"column":17},"end":{"line":38,"column":24}},"locations":[{"start":{"line":38,"column":17},"end":{"line":38,"column":24}}]},"7":{"type":"branch","line":38,"loc":{"start":{"line":38,"column":17},"end":{"line":44,"column":39}},"locations":[{"start":{"line":38,"column":17},"end":{"line":44,"column":39}}]},"8":{"type":"branch","line":38,"loc":{"start":{"line":38,"column":17},"end":{"line":40,"column":59}},"locations":[{"start":{"line":38,"column":17},"end":{"line":40,"column":59}}]},"9":{"type":"branch","line":40,"loc":{"start":{"line":40,"column":59},"end":{"line":42,"column":5}},"locations":[{"start":{"line":40,"column":59},"end":{"line":42,"column":5}}]},"10":{"type":"branch","line":42,"loc":{"start":{"line":42,"column":4},"end":{"line":44,"column":39}},"locations":[{"start":{"line":42,"column":4},"end":{"line":44,"column":39}}]}},"b":{"0":[2],"1":[0],"2":[1],"3":[2],"4":[17],"5":[16],"6":[3],"7":[14],"8":[13],"9":[4],"10":[13]},"fnMap":{"0":{"name":"vibrate","decl":{"start":{"line":7,"column":16},"end":{"line":15,"column":2}},"loc":{"start":{"line":7,"column":16},"end":{"line":15,"column":2}},"line":7},"1":{"name":"prime","decl":{"start":{"line":18,"column":9},"end":{"line":18,"column":34}},"loc":{"start":{"line":18,"column":9},"end":{"line":18,"column":34}},"line":18},"2":{"name":"play","decl":{"start":{"line":19,"column":8},"end":{"line":22,"column":4}},"loc":{"start":{"line":19,"column":8},"end":{"line":22,"column":4}},"line":19},"3":{"name":"useReadyAlert","decl":{"start":{"line":31,"column":29},"end":{"line":46,"column":2}},"loc":{"start":{"line":31,"column":29},"end":{"line":46,"column":2}},"line":31}},"f":{"0":2,"1":0,"2":2,"3":17}}
,"/Users/codemedavid/Documents/don-macchiatos/beracah-cafe/src/lib/chime.ts": {"path":"/Users/codemedavid/Documents/don-macchiatos/beracah-cafe/src/lib/chime.ts","all":false,"statementMap":{"5":{"start":{"line":6,"column":0},"end":{"line":6,"column":52}},"6":{"start":{"line":7,"column":0},"end":{"line":7,"column":35}},"7":{"start":{"line":8,"column":0},"end":{"line":8,"column":30}},"8":{"start":{"line":9,"column":0},"end":{"line":9,"column":23}},"9":{"start":{"line":10,"column":0},"end":{"line":10,"column":27}},"10":{"start":{"line":11,"column":0},"end":{"line":11,"column":23}},"11":{"start":{"line":12,"column":0},"end":{"line":12,"column":32}},"22":{"start":{"line":23,"column":0},"end":{"line":23,"column":51}},"23":{"start":{"line":24,"column":0},"end":{"line":24,"column":49}},"25":{"start":{"line":26,"column":0},"end":{"line":26,"column":26}},"26":{"start":{"line":27,"column":0},"end":{"line":27,"column":26}},"27":{"start":{"line":28,"column":0},"end":{"line":28,"column":71}},"28":{"start":{"line":29,"column":0},"end":{"line":29,"column":26}},"30":{"start":{"line":31,"column":0},"end":{"line":31,"column":37}},"32":{"start":{"line":33,"column":0},"end":{"line":33,"column":32}},"33":{"start":{"line":34,"column":0},"end":{"line":34,"column":2}},"35":{"start":{"line":36,"column":0},"end":{"line":36,"column":34}},"36":{"start":{"line":37,"column":0},"end":{"line":37,"column":53}},"37":{"start":{"line":38,"column":0},"end":{"line":38,"column":19}},"38":{"start":{"line":39,"column":0},"end":{"line":39,"column":42}},"39":{"start":{"line":40,"column":0},"end":{"line":40,"column":28}},"41":{"start":{"line":42,"column":0},"end":{"line":42,"column":49}},"42":{"start":{"line":43,"column":0},"end":{"line":43,"column":35}},"43":{"start":{"line":44,"column":0},"end":{"line":44,"column":32}},"45":{"start":{"line":46,"column":0},"end":{"line":46,"column":9}},"46":{"start":{"line":47,"column":0},"end":{"line":47,"column":32}},"47":{"start":{"line":48,"column":0},"end":{"line":48,"column":13}},"48":{"start":{"line":49,"column":0},"end":{"line":49,"column":21}},"49":{"start":{"line":50,"column":0},"end":{"line":50,"column":5}},"51":{"start":{"line":52,"column":0},"end":{"line":52,"column":19}},"52":{"start":{"line":53,"column":0},"end":{"line":53,"column":27}},"53":{"start":{"line":54,"column":0},"end":{"line":54,"column":5}},"55":{"start":{"line":56,"column":0},"end":{"line":56,"column":19}},"56":{"start":{"line":57,"column":0},"end":{"line":57,"column":4}},"58":{"start":{"line":59,"column":0},"end":{"line":59,"column":24}},"59":{"start":{"line":60,"column":0},"end":{"line":60,"column":22}},"60":{"start":{"line":61,"column":0},"end":{"line":61,"column":24}},"61":{"start":{"line":62,"column":0},"end":{"line":62,"column":19}},"62":{"start":{"line":63,"column":0},"end":{"line":63,"column":8}},"63":{"start":{"line":64,"column":0},"end":{"line":64,"column":46}},"64":{"start":{"line":65,"column":0},"end":{"line":65,"column":34}},"66":{"start":{"line":67,"column":0},"end":{"line":67,"column":29}},"67":{"start":{"line":68,"column":0},"end":{"line":68,"column":62}},"69":{"start":{"line":70,"column":0},"end":{"line":70,"column":49}},"70":{"start":{"line":71,"column":0},"end":{"line":71,"column":43}},"71":{"start":{"line":72,"column":0},"end":{"line":72,"column":18}},"72":{"start":{"line":73,"column":0},"end":{"line":73,"column":37}},"73":{"start":{"line":74,"column":0},"end":{"line":74,"column":6}},"75":{"start":{"line":76,"column":0},"end":{"line":76,"column":29}},"76":{"start":{"line":77,"column":0},"end":{"line":77,"column":34}},"78":{"start":{"line":79,"column":0},"end":{"line":79,"column":30}},"79":{"start":{"line":80,"column":0},"end":{"line":80,"column":53}},"80":{"start":{"line":81,"column":0},"end":{"line":81,"column":4}},"82":{"start":{"line":83,"column":0},"end":{"line":83,"column":23}},"83":{"start":{"line":84,"column":0},"end":{"line":84,"column":29}},"84":{"start":{"line":85,"column":0},"end":{"line":85,"column":21}},"86":{"start":{"line":87,"column":0},"end":{"line":87,"column":36}},"87":{"start":{"line":88,"column":0},"end":{"line":88,"column":32}},"89":{"start":{"line":90,"column":0},"end":{"line":90,"column":9}},"90":{"start":{"line":91,"column":0},"end":{"line":91,"column":5}},"91":{"start":{"line":92,"column":0},"end":{"line":92,"column":4}},"93":{"start":{"line":94,"column":0},"end":{"line":94,"column":31}},"94":{"start":{"line":95,"column":0},"end":{"line":95,"column":29}},"95":{"start":{"line":96,"column":0},"end":{"line":96,"column":27}},"97":{"start":{"line":98,"column":0},"end":{"line":98,"column":12}},"99":{"start":{"line":100,"column":0},"end":{"line":100,"column":9}},"100":{"start":{"line":101,"column":0},"end":{"line":101,"column":64}},"101":{"start":{"line":102,"column":0},"end":{"line":102,"column":57}},"103":{"start":{"line":104,"column":0},"end":{"line":104,"column":65}},"104":{"start":{"line":105,"column":0},"end":{"line":105,"column":25}},"105":{"start":{"line":106,"column":0},"end":{"line":106,"column":74}},"106":{"start":{"line":107,"column":0},"end":{"line":107,"column":50}},"107":{"start":{"line":108,"column":0},"end":{"line":108,"column":11}},"108":{"start":{"line":109,"column":0},"end":{"line":109,"column":7}},"109":{"start":{"line":110,"column":0},"end":{"line":110,"column":18}},"110":{"start":{"line":111,"column":0},"end":{"line":111,"column":13}},"111":{"start":{"line":112,"column":0},"end":{"line":112,"column":19}},"112":{"start":{"line":113,"column":0},"end":{"line":113,"column":5}},"113":{"start":{"line":114,"column":0},"end":{"line":114,"column":4}},"115":{"start":{"line":116,"column":0},"end":{"line":116,"column":25}},"116":{"start":{"line":117,"column":0},"end":{"line":117,"column":2}},"118":{"start":{"line":119,"column":0},"end":{"line":119,"column":59}}},"s":{"5":1,"6":1,"7":1,"8":1,"9":1,"10":1,"11":1,"22":1,"23":1,"25":1,"26":1,"27":1,"28":1,"30":1,"32":0,"33":0,"35":1,"36":7,"37":7,"38":7,"39":7,"41":7,"42":15,"43":15,"45":6,"46":6,"47":15,"48":0,"49":0,"51":13,"52":2,"53":2,"55":6,"56":15,"58":7,"59":19,"60":19,"61":19,"62":19,"63":19,"64":19,"66":19,"67":19,"69":19,"70":19,"71":19,"72":19,"73":19,"75":19,"76":19,"78":19,"79":19,"80":19,"82":7,"83":10,"84":10,"86":7,"87":1,"89":1,"90":1,"91":10,"93":7,"94":5,"95":5,"97":4,"99":4,"100":5,"101":7,"103":7,"104":19,"105":19,"106":19,"107":7,"108":7,"109":6,"110":5,"111":1,"112":1,"113":5,"115":7,"116":7,"118":1},"branchMap":{"0":{"type":"branch","line":23,"loc":{"start":{"line":23,"column":44},"end":{"line":34,"column":2}},"locations":[{"start":{"line":23,"column":44},"end":{"line":34,"column":2}}]},"1":{"type":"branch","line":24,"loc":{"start":{"line":24,"column":37},"end":{"line":24,"column":49}},"locations":[{"start":{"line":24,"column":37},"end":{"line":24,"column":49}}]},"2":{"type":"branch","line":31,"loc":{"start":{"line":31,"column":32},"end":{"line":34,"column":2}},"locations":[{"start":{"line":31,"column":32},"end":{"line":34,"column":2}}]},"3":{"type":"branch","line":36,"loc":{"start":{"line":36,"column":33},"end":{"line":117,"column":2}},"locations":[{"start":{"line":36,"column":33},"end":{"line":117,"column":2}}]},"4":{"type":"branch","line":42,"loc":{"start":{"line":42,"column":21},"end":{"line":57,"column":4}},"locations":[{"start":{"line":42,"column":21},"end":{"line":57,"column":4}}]},"5":{"type":"branch","line":43,"loc":{"start":{"line":43,"column":23},"end":{"line":43,"column":35}},"locations":[{"start":{"line":43,"column":23},"end":{"line":43,"column":35}}]},"6":{"type":"branch","line":43,"loc":{"start":{"line":43,"column":30},"end":{"line":44,"column":24}},"locations":[{"start":{"line":43,"column":30},"end":{"line":44,"column":24}}]},"7":{"type":"branch","line":44,"loc":{"start":{"line":44,"column":17},"end":{"line":48,"column":12}},"locations":[{"start":{"line":44,"column":17},"end":{"line":48,"column":12}}]},"8":{"type":"branch","line":48,"loc":{"start":{"line":48,"column":4},"end":{"line":50,"column":5}},"locations":[{"start":{"line":48,"column":4},"end":{"line":50,"column":5}}]},"9":{"type":"branch","line":50,"loc":{"start":{"line":50,"column":4},"end":{"line":56,"column":19}},"locations":[{"start":{"line":50,"column":4},"end":{"line":56,"column":19}}]},"10":{"type":"branch","line":50,"loc":{"start":{"line":50,"column":4},"end":{"line":52,"column":18}},"locations":[{"start":{"line":50,"column":4},"end":{"line":52,"column":18}}]},"11":{"type":"branch","line":52,"loc":{"start":{"line":52,"column":18},"end":{"line":54,"column":5}},"locations":[{"start":{"line":52,"column":18},"end":{"line":54,"column":5}}]},"12":{"type":"branch","line":54,"loc":{"start":{"line":54,"column":4},"end":{"line":56,"column":19}},"locations":[{"start":{"line":54,"column":4},"end":{"line":56,"column":19}}]},"13":{"type":"branch","line":59,"loc":{"start":{"line":59,"column":23},"end":{"line":81,"column":4}},"locations":[{"start":{"line":59,"column":23},"end":{"line":81,"column":4}}]},"14":{"type":"branch","line":83,"loc":{"start":{"line":83,"column":16},"end":{"line":92,"column":4}},"locations":[{"start":{"line":83,"column":16},"end":{"line":92,"column":4}}]},"15":{"type":"branch","line":85,"loc":{"start":{"line":85,"column":14},"end":{"line":85,"column":21}},"locations":[{"start":{"line":85,"column":14},"end":{"line":85,"column":21}}]},"16":{"type":"branch","line":85,"loc":{"start":{"line":85,"column":14},"end":{"line":91,"column":5}},"locations":[{"start":{"line":85,"column":14},"end":{"line":91,"column":5}}]},"17":{"type":"branch","line":85,"loc":{"start":{"line":85,"column":14},"end":{"line":87,"column":35}},"locations":[{"start":{"line":85,"column":14},"end":{"line":87,"column":35}}]},"18":{"type":"branch","line":87,"loc":{"start":{"line":87,"column":35},"end":{"line":91,"column":5}},"locations":[{"start":{"line":87,"column":35},"end":{"line":91,"column":5}}]},"19":{"type":"branch","line":94,"loc":{"start":{"line":94,"column":15},"end":{"line":114,"column":4}},"locations":[{"start":{"line":94,"column":15},"end":{"line":114,"column":4}}]},"20":{"type":"branch","line":96,"loc":{"start":{"line":96,"column":14},"end":{"line":96,"column":27}},"locations":[{"start":{"line":96,"column":14},"end":{"line":96,"column":27}}]},"21":{"type":"branch","line":96,"loc":{"start":{"line":96,"column":21},"end":{"line":101,"column":63}},"locations":[{"start":{"line":96,"column":21},"end":{"line":101,"column":63}}]},"22":{"type":"branch","line":101,"loc":{"start":{"line":101,"column":63},"end":{"line":109,"column":7}},"locations":[{"start":{"line":101,"column":63},"end":{"line":109,"column":7}}]},"23":{"type":"branch","line":109,"loc":{"start":{"line":109,"column":6},"end":{"line":111,"column":12}},"locations":[{"start":{"line":109,"column":6},"end":{"line":111,"column":12}}]},"24":{"type":"branch","line":111,"loc":{"start":{"line":111,"column":4},"end":{"line":113,"column":5}},"locations":[{"start":{"line":111,"column":4},"end":{"line":113,"column":5}}]},"25":{"type":"branch","line":104,"loc":{"start":{"line":104,"column":36},"end":{"line":108,"column":9}},"locations":[{"start":{"line":104,"column":36},"end":{"line":108,"column":9}}]}},"b":{"0":[1],"1":[0],"2":[0],"3":[7],"4":[15],"5":[3],"6":[12],"7":[6],"8":[0],"9":[13],"10":[6],"11":[2],"12":[6],"13":[19],"14":[10],"15":[4],"16":[7],"17":[6],"18":[1],"19":[5],"20":[1],"21":[4],"22":[7],"23":[6],"24":[1],"25":[19]},"fnMap":{"0":{"name":"defaultFactory","decl":{"start":{"line":23,"column":44},"end":{"line":34,"column":2}},"loc":{"start":{"line":23,"column":44},"end":{"line":34,"column":2}},"line":23},"1":{"name":"createChimePlayer","decl":{"start":{"line":36,"column":33},"end":{"line":117,"column":2}},"loc":{"start":{"line":36,"column":33},"end":{"line":117,"column":2}},"line":36},"2":{"name":"getContext","decl":{"start":{"line":42,"column":21},"end":{"line":57,"column":4}},"loc":{"start":{"line":42,"column":21},"end":{"line":57,"column":4}},"line":42},"3":{"name":"scheduleNote","decl":{"start":{"line":59,"column":23},"end":{"line":81,"column":4}},"loc":{"start":{"line":59,"column":23},"end":{"line":81,"column":4}},"line":59},"4":{"name":"prime","decl":{"start":{"line":83,"column":16},"end":{"line":92,"column":4}},"loc":{"start":{"line":83,"column":16},"end":{"line":92,"column":4}},"line":83},"5":{"name":"play","decl":{"start":{"line":94,"column":15},"end":{"line":114,"column":4}},"loc":{"start":{"line":94,"column":15},"end":{"line":114,"column":4}},"line":94}},"f":{"0":1,"1":7,"2":15,"3":19,"4":10,"5":5}}
,"/Users/codemedavid/Documents/don-macchiatos/beracah-cafe/src/lib/orderLabels.ts": {"path":"/Users/codemedavid/Documents/don-macchiatos/beracah-cafe/src/lib/orderLabels.ts","all":false,"statementMap":{"2":{"start":{"line":3,"column":0},"end":{"line":3,"column":62}},"3":{"start":{"line":4,"column":0},"end":{"line":4,"column":15}},"4":{"start":{"line":5,"column":0},"end":{"line":5,"column":17}},"5":{"start":{"line":6,"column":0},"end":{"line":6,"column":35}},"6":{"start":{"line":7,"column":0},"end":{"line":7,"column":30}},"7":{"start":{"line":8,"column":0},"end":{"line":8,"column":2}},"9":{"start":{"line":10,"column":0},"end":{"line":10,"column":61}},"10":{"start":{"line":11,"column":0},"end":{"line":11,"column":13}},"11":{"start":{"line":12,"column":0},"end":{"line":12,"column":14}},"12":{"start":{"line":13,"column":0},"end":{"line":13,"column":24}},"13":{"start":{"line":14,"column":0},"end":{"line":14,"column":14}},"14":{"start":{"line":15,"column":0},"end":{"line":15,"column":2}},"16":{"start":{"line":17,"column":0},"end":{"line":17,"column":60}},"17":{"start":{"line":18,"column":0},"end":{"line":18,"column":23}},"18":{"start":{"line":19,"column":0},"end":{"line":19,"column":19}},"19":{"start":{"line":20,"column":0},"end":{"line":20,"column":23}},"20":{"start":{"line":21,"column":0},"end":{"line":21,"column":2}}},"s":{"2":1,"3":1,"4":1,"5":1,"6":1,"7":1,"9":1,"10":1,"11":1,"12":1,"13":1,"14":1,"16":1,"17":1,"18":1,"19":1,"20":1},"branchMap":{},"b":{},"fnMap":{},"f":{}}
,"/Users/codemedavid/Documents/don-macchiatos/beracah-cafe/src/lib/orderStatus.ts": {"path":"/Users/codemedavid/Documents/don-macchiatos/beracah-cafe/src/lib/orderStatus.ts","all":false,"statementMap":{"12":{"start":{"line":13,"column":0},"end":{"line":13,"column":55}},"13":{"start":{"line":14,"column":0},"end":{"line":14,"column":12}},"14":{"start":{"line":15,"column":0},"end":{"line":15,"column":14}},"15":{"start":{"line":16,"column":0},"end":{"line":16,"column":14}},"16":{"start":{"line":17,"column":0},"end":{"line":17,"column":10}},"17":{"start":{"line":18,"column":0},"end":{"line":18,"column":14}},"18":{"start":{"line":19,"column":0},"end":{"line":19,"column":2}},"20":{"start":{"line":21,"column":0},"end":{"line":21,"column":59}},"21":{"start":{"line":22,"column":0},"end":{"line":22,"column":28}},"22":{"start":{"line":23,"column":0},"end":{"line":23,"column":25}},"23":{"start":{"line":24,"column":0},"end":{"line":24,"column":25}},"24":{"start":{"line":25,"column":0},"end":{"line":25,"column":17}},"25":{"start":{"line":26,"column":0},"end":{"line":26,"column":25}},"26":{"start":{"line":27,"column":0},"end":{"line":27,"column":25}},"27":{"start":{"line":28,"column":0},"end":{"line":28,"column":2}},"29":{"start":{"line":30,"column":0},"end":{"line":30,"column":65}},"30":{"start":{"line":31,"column":0},"end":{"line":31,"column":66}},"31":{"start":{"line":32,"column":0},"end":{"line":32,"column":54}},"32":{"start":{"line":33,"column":0},"end":{"line":33,"column":53}},"33":{"start":{"line":34,"column":0},"end":{"line":34,"column":64}},"34":{"start":{"line":35,"column":0},"end":{"line":35,"column":56}},"35":{"start":{"line":36,"column":0},"end":{"line":36,"column":81}},"36":{"start":{"line":37,"column":0},"end":{"line":37,"column":2}},"38":{"start":{"line":39,"column":0},"end":{"line":39,"column":61}},"39":{"start":{"line":40,"column":0},"end":{"line":40,"column":33}},"41":{"start":{"line":42,"column":0},"end":{"line":42,"column":31}},"42":{"start":{"line":43,"column":0},"end":{"line":43,"column":21}},"43":{"start":{"line":44,"column":0},"end":{"line":44,"column":28}},"44":{"start":{"line":45,"column":0},"end":{"line":45,"column":15}},"45":{"start":{"line":46,"column":0},"end":{"line":46,"column":52}},"46":{"start":{"line":47,"column":0},"end":{"line":47,"column":40}},"47":{"start":{"line":48,"column":0},"end":{"line":48,"column":46}},"48":{"start":{"line":49,"column":0},"end":{"line":49,"column":2}},"50":{"start":{"line":51,"column":0},"end":{"line":51,"column":76}},"52":{"start":{"line":53,"column":0},"end":{"line":53,"column":60}},"53":{"start":{"line":54,"column":0},"end":{"line":54,"column":25}},"59":{"start":{"line":60,"column":0},"end":{"line":60,"column":31}},"60":{"start":{"line":61,"column":0},"end":{"line":61,"column":49}},"61":{"start":{"line":62,"column":0},"end":{"line":62,"column":25}},"62":{"start":{"line":63,"column":0},"end":{"line":63,"column":15}},"63":{"start":{"line":64,"column":0},"end":{"line":64,"column":36}},"64":{"start":{"line":65,"column":0},"end":{"line":65,"column":57}},"65":{"start":{"line":66,"column":0},"end":{"line":66,"column":2}}},"s":{"12":1,"13":1,"14":1,"15":1,"16":1,"17":1,"18":1,"20":1,"21":1,"22":1,"23":1,"24":1,"25":1,"26":1,"27":1,"29":1,"30":1,"31":1,"32":1,"33":1,"34":1,"35":1,"36":1,"38":1,"39":92,"41":1,"42":45,"43":45,"44":45,"45":45,"46":45,"47":43,"48":43,"50":1,"52":1,"53":11,"59":1,"60":19,"61":19,"62":19,"63":19,"64":12,"65":19},"branchMap":{"0":{"type":"branch","line":39,"loc":{"start":{"line":39,"column":29},"end":{"line":40,"column":33}},"locations":[{"start":{"line":39,"column":29},"end":{"line":40,"column":33}}]},"1":{"type":"branch","line":42,"loc":{"start":{"line":42,"column":30},"end":{"line":49,"column":2}},"locations":[{"start":{"line":42,"column":30},"end":{"line":49,"column":2}}]},"2":{"type":"branch","line":47,"loc":{"start":{"line":47,"column":27},"end":{"line":47,"column":40}},"locations":[{"start":{"line":47,"column":27},"end":{"line":47,"column":40}}]},"3":{"type":"branch","line":47,"loc":{"start":{"line":47,"column":34},"end":{"line":49,"column":2}},"locations":[{"start":{"line":47,"column":34},"end":{"line":49,"column":2}}]},"4":{"type":"branch","line":51,"loc":{"start":{"line":51,"column":23},"end":{"line":51,"column":76}},"locations":[{"start":{"line":51,"column":23},"end":{"line":51,"column":76}}]},"5":{"type":"branch","line":53,"loc":{"start":{"line":53,"column":27},"end":{"line":54,"column":25}},"locations":[{"start":{"line":53,"column":27},"end":{"line":54,"column":25}}]},"6":{"type":"branch","line":60,"loc":{"start":{"line":60,"column":30},"end":{"line":66,"column":2}},"locations":[{"start":{"line":60,"column":30},"end":{"line":66,"column":2}}]},"7":{"type":"branch","line":64,"loc":{"start":{"line":64,"column":23},"end":{"line":64,"column":36}},"locations":[{"start":{"line":64,"column":23},"end":{"line":64,"column":36}}]},"8":{"type":"branch","line":64,"loc":{"start":{"line":64,"column":30},"end":{"line":65,"column":57}},"locations":[{"start":{"line":64,"column":30},"end":{"line":65,"column":57}}]},"9":{"type":"branch","line":64,"loc":{"start":{"line":64,"column":30},"end":{"line":65,"column":37}},"locations":[{"start":{"line":64,"column":30},"end":{"line":65,"column":37}}]},"10":{"type":"branch","line":65,"loc":{"start":{"line":65,"column":32},"end":{"line":65,"column":57}},"locations":[{"start":{"line":65,"column":32},"end":{"line":65,"column":57}}]}},"b":{"0":[92],"1":[45],"2":[2],"3":[43],"4":[29],"5":[11],"6":[19],"7":[9],"8":[12],"9":[10],"10":[8]},"fnMap":{"0":{"name":"getStageIndex","decl":{"start":{"line":39,"column":29},"end":{"line":40,"column":33}},"loc":{"start":{"line":39,"column":29},"end":{"line":40,"column":33}},"line":39},"1":{"name":"isStageReached","decl":{"start":{"line":42,"column":30},"end":{"line":49,"column":2}},"loc":{"start":{"line":42,"column":30},"end":{"line":49,"column":2}},"line":42},"2":{"name":"isReady","decl":{"start":{"line":51,"column":23},"end":{"line":51,"column":76}},"loc":{"start":{"line":51,"column":23},"end":{"line":51,"column":76}},"line":51},"3":{"name":"isCancelled","decl":{"start":{"line":53,"column":27},"end":{"line":54,"column":25}},"loc":{"start":{"line":53,"column":27},"end":{"line":54,"column":25}},"line":53},"4":{"name":"hasBecomeReady","decl":{"start":{"line":60,"column":30},"end":{"line":66,"column":2}},"loc":{"start":{"line":60,"column":30},"end":{"line":66,"column":2}},"line":60}},"f":{"0":92,"1":45,"2":29,"3":11,"4":19}}
}
